#
# A fatal error has been detected by the Java Runtime Environment:
#
#  EXCEPTION_ACCESS_VIOLATION (0xc0000005) at pc=0x6da2bfdb, pid=5340, tid=4032
#
# JRE version: 7.0_02-b13
# Java VM: Java HotSpot(TM) Client VM (22.0-b10 mixed mode windows-x86 )
# Problematic frame:
# V  [jvm.dll+0xbbfdb]
#
# Failed to write core dump. Minidumps are not enabled by default on client versions of Windows
#
# If you would like to submit a bug report, please visit:
#   http://bugreport.sun.com/bugreport/crash.jsp
#

---------------  T H R E A D  ---------------

Current thread (0x16e48800):  JavaThread "JDWP Transport Listener: dt_socket" daemon [_thread_in_vm, id=4032, stack(0x17150000,0x171a0000)]

siginfo: ExceptionCode=0xc0000005, reading address 0x0000003b

Registers:
EAX=0x0000003b, EBX=0x00000000, ECX=0x0000003b, EDX=0x00000000
ESP=0x1719fc18, EBP=0x1719fc1c, ESI=0x16e48800, EDI=0x003c5ab8
EIP=0x6da2bfdb, EFLAGS=0x00010202

Top of Stack: (sp=0x1719fc18)
0x1719fc18:   16e48800 1719fc48 6db4622a 0000003b
0x1719fc28:   1719fd00 1719fc83 16e48800 00000000
0x1719fc38:   00000000 00000000 16e48800 16e48800
0x1719fc48:   1719fc84 6d469d5c 003c5ab8 0000003b
0x1719fc58:   1719fc83 0000003b 6d45436d 0000003b
0x1719fc68:   1719fc83 0000000b 00000000 00000000
0x1719fc78:   0000000a 00000000 0057747c 1719fca4
0x1719fc88:   6d4544e0 00000001 1719fcc0 1719fcfc 

Instructions: (pc=0x6da2bfdb)
0x6da2bfbb:   0c 5f 5e 5d c2 0c 00 cc cc cc cc cc cc cc cc cc
0x6da2bfcb:   cc cc cc cc cc 55 8b ec 8b 45 08 56 85 c0 74 28
0x6da2bfdb:   8b 30 85 f6 74 22 81 fe fe fe fe fe 74 1a 8b 4e
0x6da2bfeb:   04 8b 41 08 8b 90 90 00 00 00 83 c1 08 ff d2 84 


Register to memory mapping:

EAX=0x0000003b is an unknown value
EBX=0x00000000 is an unknown value
ECX=0x0000003b is an unknown value
EDX=0x00000000 is an unknown value
ESP=0x1719fc18 is pointing into the stack for thread: 0x16e48800
EBP=0x1719fc1c is pointing into the stack for thread: 0x16e48800
ESI=0x16e48800 is a thread
EDI=0x003c5ab8 is an unknown value


Stack: [0x17150000,0x171a0000],  sp=0x1719fc18,  free space=319k
Native frames: (J=compiled Java code, j=interpreted, Vv=VM code, C=native code)
V  [jvm.dll+0xbbfdb]
V  [jvm.dll+0x1d622a]
C  [jdwp.dll+0x19d5c]
C  [jdwp.dll+0x44e0]
C  [jdwp.dll+0x451e]


---------------  P R O C E S S  ---------------

Java Threads: ( => current thread )
  0x003c7800 JavaThread "DestroyJavaVM" [_thread_blocked, id=4336, stack(0x00a00000,0x00a50000)]
  0x1755f800 JavaThread "D3D Screen Updater" daemon [_thread_blocked, id=4348, stack(0x17a30000,0x17a80000)]
  0x1755d000 JavaThread "Thread-2" daemon [_thread_blocked, id=5696, stack(0x17950000,0x179a0000)]
  0x17513400 JavaThread "AWT-EventQueue-0" [_thread_blocked, id=2004, stack(0x178f0000,0x17940000)]
  0x16f37c00 JavaThread "AWT-Windows" daemon [_thread_in_native, id=1312, stack(0x173d0000,0x17420000)]
  0x16f36000 JavaThread "AWT-Shutdown" [_thread_blocked, id=600, stack(0x17380000,0x173d0000)]
  0x16f34c00 JavaThread "Java2D Disposer" daemon [_thread_blocked, id=5160, stack(0x17330000,0x17380000)]
  0x16e57000 JavaThread "Service Thread" daemon [_thread_blocked, id=452, stack(0x17290000,0x172e0000)]
  0x16e56000 JavaThread "C1 CompilerThread0" daemon [_thread_blocked, id=2496, stack(0x17240000,0x17290000)]
  0x16e4cc00 JavaThread "JDWP Command Reader" daemon [_thread_in_native, id=4212, stack(0x171f0000,0x17240000)]
  0x16e4b000 JavaThread "JDWP Event Helper Thread" daemon [_thread_blocked, id=3960, stack(0x171a0000,0x171f0000)]
=>0x16e48800 JavaThread "JDWP Transport Listener: dt_socket" daemon [_thread_in_vm, id=4032, stack(0x17150000,0x171a0000)]
  0x16e3c800 JavaThread "Attach Listener" daemon [_thread_blocked, id=5168, stack(0x17070000,0x170c0000)]
  0x16e3b000 JavaThread "Signal Dispatcher" daemon [_thread_blocked, id=5720, stack(0x17020000,0x17070000)]
  0x16d12000 JavaThread "Finalizer" daemon [_thread_blocked, id=3460, stack(0x16dd0000,0x16e20000)]
  0x16d0d000 JavaThread "Reference Handler" daemon [_thread_blocked, id=5708, stack(0x16d80000,0x16dd0000)]

Other Threads:
  0x16d07400 VMThread [stack: 0x16d30000,0x16d80000] [id=3288]
  0x16e62000 WatcherThread [stack: 0x172e0000,0x17330000] [id=6048]

VM state:not at safepoint (normal execution)

VM Mutex/Monitor currently owned by a thread: None

Heap
 def new generation   total 4928K, used 2250K [0x02af0000, 0x03040000, 0x08040000)
  eden space 4416K,  39% used [0x02af0000, 0x02ca29a8, 0x02f40000)
  from space 512K, 100% used [0x02fc0000, 0x03040000, 0x03040000)
  to   space 512K,   0% used [0x02f40000, 0x02f40000, 0x02fc0000)
 tenured generation   total 10944K, used 612K [0x08040000, 0x08af0000, 0x12af0000)
   the space 10944K,   5% used [0x08040000, 0x080d90b0, 0x080d9200, 0x08af0000)
 compacting perm gen  total 12288K, used 6601K [0x12af0000, 0x136f0000, 0x16af0000)
   the space 12288K,  53% used [0x12af0000, 0x131626e8, 0x13162800, 0x136f0000)
No shared spaces configured.

Code Cache  [0x00a70000, 0x00b38000, 0x02a70000)
 total_blobs=339 nmethods=128 adapters=155 free_code_cache=31988Kb largest_free_block=32756288

Dynamic libraries:
0x00400000 - 0x0042f000 	C:\Program Files\Java\jdk1.7.0_02\bin\javaw.exe
0x7c900000 - 0x7c9b2000 	C:\WINDOWS\system32\ntdll.dll
0x7c800000 - 0x7c8f6000 	C:\WINDOWS\system32\kernel32.dll
0x77dd0000 - 0x77e6b000 	C:\WINDOWS\system32\ADVAPI32.dll
0x77e70000 - 0x77f03000 	C:\WINDOWS\system32\RPCRT4.dll
0x77fe0000 - 0x77ff1000 	C:\WINDOWS\system32\Secur32.dll
0x7e410000 - 0x7e4a1000 	C:\WINDOWS\system32\USER32.dll
0x77f10000 - 0x77f59000 	C:\WINDOWS\system32\GDI32.dll
0x773d0000 - 0x774d3000 	C:\WINDOWS\WinSxS\x86_Microsoft.Windows.Common-Controls_6595b64144ccf1df_6.0.2600.6028_x-ww_61e65202\COMCTL32.dll
0x77c10000 - 0x77c68000 	C:\WINDOWS\system32\msvcrt.dll
0x77f60000 - 0x77fd6000 	C:\WINDOWS\system32\SHLWAPI.dll
0x76390000 - 0x763ad000 	C:\WINDOWS\system32\IMM32.DLL
0x78aa0000 - 0x78b5e000 	C:\Program Files\Java\jdk1.7.0_02\jre\bin\msvcr100.dll
0x6d970000 - 0x6dc98000 	C:\Program Files\Java\jdk1.7.0_02\jre\bin\client\jvm.dll
0x71ad0000 - 0x71ad9000 	C:\WINDOWS\system32\WSOCK32.dll
0x71ab0000 - 0x71ac7000 	C:\WINDOWS\system32\WS2_32.dll
0x71aa0000 - 0x71aa8000 	C:\WINDOWS\system32\WS2HELP.dll
0x76b40000 - 0x76b6d000 	C:\WINDOWS\system32\WINMM.dll
0x76bf0000 - 0x76bfb000 	C:\WINDOWS\system32\PSAPI.DLL
0x6d900000 - 0x6d90c000 	C:\Program Files\Java\jdk1.7.0_02\jre\bin\verify.dll
0x6d400000 - 0x6d420000 	C:\Program Files\Java\jdk1.7.0_02\jre\bin\java.dll
0x6d450000 - 0x6d47a000 	C:\Program Files\Java\jdk1.7.0_02\jre\bin\jdwp.dll
0x6d780000 - 0x6d787000 	C:\Program Files\Java\jdk1.7.0_02\jre\bin\npt.dll
0x6d950000 - 0x6d963000 	C:\Program Files\Java\jdk1.7.0_02\jre\bin\zip.dll
0x6d320000 - 0x6d328000 	C:\Program Files\Java\jdk1.7.0_02\jre\bin\dt_socket.dll
0x71a50000 - 0x71a8f000 	C:\WINDOWS\System32\mswsock.dll
0x76f20000 - 0x76f47000 	C:\WINDOWS\system32\DNSAPI.dll
0x76d60000 - 0x76d79000 	C:\WINDOWS\system32\iphlpapi.dll
0x76fb0000 - 0x76fb8000 	C:\WINDOWS\System32\winrnr.dll
0x76f60000 - 0x76f8c000 	C:\WINDOWS\system32\WLDAP32.dll
0x63560000 - 0x63568000 	C:\Program Files\National Instruments\Shared\mDNS Responder\nimdnsNSP.dll
0x63550000 - 0x63559000 	C:\WINDOWS\system32\nimdnsResponder.dll
0x78520000 - 0x785c3000 	C:\WINDOWS\WinSxS\x86_Microsoft.VC90.CRT_1fc8b3b9a1e18e3b_9.0.30729.6161_x-ww_31a54e43\MSVCR90.dll
0x76fc0000 - 0x76fc6000 	C:\WINDOWS\system32\rasadhlp.dll
0x662b0000 - 0x66308000 	C:\WINDOWS\system32\hnetcfg.dll
0x71a90000 - 0x71a98000 	C:\WINDOWS\System32\wshtcpip.dll
0x6d110000 - 0x6d252000 	C:\Program Files\Java\jdk1.7.0_02\jre\bin\awt.dll
0x77120000 - 0x771ab000 	C:\WINDOWS\system32\OLEAUT32.dll
0x774e0000 - 0x7761e000 	C:\WINDOWS\system32\ole32.dll
0x5ad70000 - 0x5ada8000 	C:\WINDOWS\system32\uxtheme.dll
0x74720000 - 0x7476c000 	C:\WINDOWS\system32\MSCTF.dll
0x755c0000 - 0x755ee000 	C:\WINDOWS\system32\msctfime.ime
0x7c9c0000 - 0x7d1d7000 	C:\WINDOWS\system32\SHELL32.dll
0x6d350000 - 0x6d37a000 	C:\Program Files\Java\jdk1.7.0_02\jre\bin\fontmanager.dll
0x4fdd0000 - 0x4ff76000 	C:\WINDOWS\system32\d3d9.dll
0x174c0000 - 0x174c6000 	C:\WINDOWS\system32\d3d8thk.dll
0x77c00000 - 0x77c08000 	C:\WINDOWS\system32\VERSION.dll
0x6d6f0000 - 0x6d704000 	C:\Program Files\Java\jdk1.7.0_02\jre\bin\net.dll
0x6d710000 - 0x6d71f000 	C:\Program Files\Java\jdk1.7.0_02\jre\bin\nio.dll
0x6d8a0000 - 0x6d8d1000 	C:\Program Files\Java\jdk1.7.0_02\jre\bin\t2k.dll
0x76fd0000 - 0x7704f000 	C:\WINDOWS\system32\CLBCATQ.DLL
0x77050000 - 0x77115000 	C:\WINDOWS\system32\COMRes.dll

VM Arguments:
jvm_args: -agentlib:jdwp=transport=dt_socket,suspend=y,address=localhost:2919 -Dfile.encoding=Cp1252 
java_command: Blitzkrieg
Launcher Type: SUN_STANDARD

Environment Variables:
CLASSPATH=.;C:\Program Files\Java\jre7\lib\ext\QTJava.zip
PATH=C:\Program Files\Java\jdk1.7.0_02\jre\bin;C:/Program Files/Java/jre7/bin/client;C:/Program Files/Java/jre7/bin;C:/Program Files/Java/jre7/lib/i386;C:\Program Files\NVIDIA Corporation\PhysX\Common;C:\WINDOWS\system32;C:\WINDOWS;C:\WINDOWS\System32\Wbem;C:\Program Files\Common Files\Roxio Shared\DLLShared\;C:\Program Files\Common Files\Roxio Shared\9.0\DLLShared\;C:\Program Files\Common Files\Autodesk Shared\;C:\Program Files\Common Files\Adobe\AGL;C:\Program Files\Common Files\Repro Desk;C:\WINDOWS\system32\WindowsPowerShell\v1.0;C:\Program Files\IVI Foundation\VISA\WinNT\Bin\;C:\Program Files\IVI Foundation\VISA\WinNT\Bin;C:\Program Files\QuickTime\QTSystem\;C:\Documents and Settings\NHHSRoboticsClub\Desktop\eclipse;
USERNAME=NHHSRoboticsClub
OS=Windows_NT
PROCESSOR_IDENTIFIER=x86 Family 6 Model 15 Stepping 11, GenuineIntel



---------------  S Y S T E M  ---------------

OS: Windows XP Build 2600 Service Pack 3

CPU:total 4 (4 cores per cpu, 1 threads per core) family 6 model 15 stepping 11, cmov, cx8, fxsr, mmx, sse, sse2, sse3, ssse3

Memory: 4k page, physical 3405356k(2223480k free), swap 5333332k(4096272k free)

vm_info: Java HotSpot(TM) Client VM (22.0-b10) for windows-x86 JRE (1.7.0_02-b13), built on Nov 17 2011 17:17:32 by "java_re" with unknown MS VC++:1600

time: Sat May 19 04:05:51 2012
elapsed time: 249 seconds

